<?xml version="1.0" encoding="UTF-8"?>
<!-- Generated by org.testng.reporters.JUnitXMLReporter -->
<testsuite ignored="0" hostname="SURAJKUMAR" failures="0" tests="3" name="Default test" time="4.762" errors="0" timestamp="2022-03-29T23:16:31 IST">
  <testcase classname="com.TestYantra.DataDriven.DataDrivenTest" name="createResource" time="4.11"/>
  <testcase classname="com.TestYantra.DataDriven.DataDrivenTest" name="createResource" time="0.315"/>
  <testcase classname="com.TestYantra.DataDriven.DataDrivenTest" name="createResource" time="0.285"/>
</testsuite> <!-- Default test -->
