<?xml version="1.0" encoding="UTF-8"?>
<testng-results ignored="0" total="1" passed="1" failed="0" skipped="0">
  <reporter-output>
  </reporter-output>
  <suite started-at="2022-04-19T12:58:11 IST" name="Default suite" finished-at="2022-04-19T12:58:11 IST" duration-ms="232">
    <groups>
    </groups>
    <test started-at="2022-04-19T12:58:11 IST" name="Default test" finished-at="2022-04-19T12:58:11 IST" duration-ms="232">
      <class name="com.parcer.SerlizationTest.InsideJsonObjectTest">
        <test-method signature="multiObjectSerlization()[pri:0, instance:com.parcer.SerlizationTest.InsideJsonObjectTest@71a8adcf]" started-at="2022-04-19T12:58:11 IST" name="multiObjectSerlization" finished-at="2022-04-19T12:58:11 IST" duration-ms="179" status="PASS">
          <reporter-output>
          </reporter-output>
        </test-method> <!-- multiObjectSerlization -->
      </class> <!-- com.parcer.SerlizationTest.InsideJsonObjectTest -->
    </test> <!-- Default test -->
  </suite> <!-- Default suite -->
</testng-results>
