<?xml version="1.0" encoding="UTF-8"?>
<testng-results ignored="0" total="3" passed="3" failed="0" skipped="0">
  <reporter-output>
  </reporter-output>
  <suite started-at="2022-03-29T23:16:26 IST" name="Default suite" finished-at="2022-03-29T23:16:31 IST" duration-ms="4762">
    <groups>
    </groups>
    <test started-at="2022-03-29T23:16:26 IST" name="Default test" finished-at="2022-03-29T23:16:31 IST" duration-ms="4762">
      <class name="com.TestYantra.DataDriven.DataDrivenTest">
        <test-method signature="createResource(java.lang.String,java.lang.String,java.lang.String,java.lang.String)[pri:0, instance:com.TestYantra.DataDriven.DataDrivenTest@82de64a]" started-at="2022-03-29T23:16:26 IST" name="createResource" data-provider="projectData" finished-at="2022-03-29T23:16:30 IST" duration-ms="4110" status="PASS">
          <params>
            <param index="0">
              <value>
                <![CDATA[Suraj]]>
              </value>
            </param>
            <param index="1">
              <value>
                <![CDATA[Suryaempire 1]]>
              </value>
            </param>
            <param index="2">
              <value>
                <![CDATA[on going]]>
              </value>
            </param>
            <param index="3">
              <value>
                <![CDATA[455]]>
              </value>
            </param>
          </params>
          <reporter-output>
          </reporter-output>
        </test-method> <!-- createResource -->
        <test-method signature="createResource(java.lang.String,java.lang.String,java.lang.String,java.lang.String)[pri:0, instance:com.TestYantra.DataDriven.DataDrivenTest@82de64a]" started-at="2022-03-29T23:16:30 IST" name="createResource" data-provider="projectData" finished-at="2022-03-29T23:16:31 IST" duration-ms="315" status="PASS">
          <params>
            <param index="0">
              <value>
                <![CDATA[Suraj]]>
              </value>
            </param>
            <param index="1">
              <value>
                <![CDATA[Suryaempire 2]]>
              </value>
            </param>
            <param index="2">
              <value>
                <![CDATA[on going]]>
              </value>
            </param>
            <param index="3">
              <value>
                <![CDATA[455]]>
              </value>
            </param>
          </params>
          <reporter-output>
          </reporter-output>
        </test-method> <!-- createResource -->
        <test-method signature="createResource(java.lang.String,java.lang.String,java.lang.String,java.lang.String)[pri:0, instance:com.TestYantra.DataDriven.DataDrivenTest@82de64a]" started-at="2022-03-29T23:16:31 IST" name="createResource" data-provider="projectData" finished-at="2022-03-29T23:16:31 IST" duration-ms="285" status="PASS">
          <params>
            <param index="0">
              <value>
                <![CDATA[Suraj]]>
              </value>
            </param>
            <param index="1">
              <value>
                <![CDATA[Suryaempire 3]]>
              </value>
            </param>
            <param index="2">
              <value>
                <![CDATA[on going]]>
              </value>
            </param>
            <param index="3">
              <value>
                <![CDATA[455]]>
              </value>
            </param>
          </params>
          <reporter-output>
          </reporter-output>
        </test-method> <!-- createResource -->
      </class> <!-- com.TestYantra.DataDriven.DataDrivenTest -->
    </test> <!-- Default test -->
  </suite> <!-- Default suite -->
</testng-results>
