<?xml version="1.0" encoding="UTF-8"?>
<!-- Generated by org.testng.reporters.JUnitReportReporter -->
<testsuite hostname="SURAJKUMAR" failures="0" tests="1" name="com.TestYantra.RequestChaining.RequestChainingGetAndDelete" time="0.095" errors="0" timestamp="2022-03-01T10:44:55 IST" skipped="0">
  <testcase classname="com.TestYantra.RequestChaining.RequestChainingGetAndDelete" name="chaining" time="0.095"/>
  <system-out/>
</testsuite> <!-- com.TestYantra.RequestChaining.RequestChainingGetAndDelete -->
